<?xml version="1.0" encoding="UTF-8"?>
<!-- Generated by org.testng.reporters.JUnitXMLReporter -->
<testsuite ignored="0" hostname="GDLT164" failures="0" tests="1" name="Appeal.TestCases" time="2.211" errors="0" timestamp="2021-10-28T17:30:09 IST">
  <testcase classname="Appeal.TestCases.BaseClass" name="@BeforeClass Setup" time="1.96">
    <failure type="org.openqa.selenium.SessionNotCreatedException" message="session not created: This version of ChromeDriver only supports Chrome version 93
Current browser version is 95.0.4638.54 with binary path C:\Program Files (x86)\Google\Chrome\Application\chrome.exe
Build info: version: &amp;apos;3.141.5&amp;apos;, revision: &amp;apos;d54ebd709a&amp;apos;, time: &amp;apos;2018-11-06T11:42:16&amp;apos;
System info: host: &amp;apos;GDLT164&amp;apos;, ip: &amp;apos;172.18.10.164&amp;apos;, os.name: &amp;apos;Windows 10&amp;apos;, os.arch: &amp;apos;amd64&amp;apos;, os.version: &amp;apos;10.0&amp;apos;, java.version: &amp;apos;16.0.2&amp;apos;
Driver info: driver.version: ChromeDriver
remote stacktrace: Backtrace:
	Ordinal0 [0x0101D403+2479107]
	Ordinal0 [0x00FB7D51+2063697]
	Ordinal0 [0x00EC20C8+1056968]
	Ordinal0 [0x00EE043A+1180730]
	Ordinal0 [0x00EDC355+1164117]
	Ordinal0 [0x00ED9B7F+1153919]
	Ordinal0 [0x00F09CBF+1350847]
	Ordinal0 [0x00F0992A+1349930]
	Ordinal0 [0x00F0583B+1333307]
	Ordinal0 [0x00EE1F94+1187732]
	Ordinal0 [0x00EE2DE9+1191401]
	GetHandleVerifier [0x0119F3F6+1531734]
	GetHandleVerifier [0x0124E9AE+2249998]
	GetHandleVerifier [0x010A39AB+501003]
	GetHandleVerifier [0x010A2A29+497033]
	Ordinal0 [0x00FBD11D+2085149]
	Ordinal0 [0x00FC11C8+2101704]
	Ordinal0 [0x00FC1302+2102018]
	Ordinal0 [0x00FCAA71+2140785]
	BaseThreadInitThunk [0x76B36359+25]
	RtlGetAppContainerNamedObjectPath [0x77687B74+228]
	RtlGetAppContainerNamedObjectPath [0x77687B44+180]
">
      <![CDATA[org.openqa.selenium.SessionNotCreatedException: session not created: This version of ChromeDriver only supports Chrome version 93
Current browser version is 95.0.4638.54 with binary path C:\Program Files (x86)\Google\Chrome\Application\chrome.exe
Build info: version: '3.141.5', revision: 'd54ebd709a', time: '2018-11-06T11:42:16'
System info: host: 'GDLT164', ip: '172.18.10.164', os.name: 'Windows 10', os.arch: 'amd64', os.version: '10.0', java.version: '16.0.2'
Driver info: driver.version: ChromeDriver
remote stacktrace: Backtrace:
Ordinal0 [0x0101D403+2479107]
Ordinal0 [0x00FB7D51+2063697]
Ordinal0 [0x00EC20C8+1056968]
Ordinal0 [0x00EE043A+1180730]
Ordinal0 [0x00EDC355+1164117]
Ordinal0 [0x00ED9B7F+1153919]
Ordinal0 [0x00F09CBF+1350847]
Ordinal0 [0x00F0992A+1349930]
Ordinal0 [0x00F0583B+1333307]
Ordinal0 [0x00EE1F94+1187732]
Ordinal0 [0x00EE2DE9+1191401]
GetHandleVerifier [0x0119F3F6+1531734]
GetHandleVerifier [0x0124E9AE+2249998]
GetHandleVerifier [0x010A39AB+501003]
GetHandleVerifier [0x010A2A29+497033]
Ordinal0 [0x00FBD11D+2085149]
Ordinal0 [0x00FC11C8+2101704]
Ordinal0 [0x00FC1302+2102018]
Ordinal0 [0x00FCAA71+2140785]
BaseThreadInitThunk [0x76B36359+25]
RtlGetAppContainerNamedObjectPath [0x77687B74+228]
RtlGetAppContainerNamedObjectPath [0x77687B44+180]

at org.openqa.selenium.remote.W3CHandshakeResponse.lambda$errorHandler$0(W3CHandshakeResponse.java:62)
at org.openqa.selenium.remote.HandshakeResponse.lambda$getResponseFunction$0(HandshakeResponse.java:30)
at org.openqa.selenium.remote.ProtocolHandshake.lambda$createSession$0(ProtocolHandshake.java:123)
at java.base/java.util.stream.ReferencePipeline$3$1.accept(ReferencePipeline.java:197)
at java.base/java.util.Spliterators$ArraySpliterator.tryAdvance(Spliterators.java:958)
at java.base/java.util.stream.ReferencePipeline.forEachWithCancel(ReferencePipeline.java:129)
at java.base/java.util.stream.AbstractPipeline.copyIntoWithCancel(AbstractPipeline.java:502)
at java.base/java.util.stream.AbstractPipeline.copyInto(AbstractPipeline.java:488)
at java.base/java.util.stream.AbstractPipeline.wrapAndCopyInto(AbstractPipeline.java:474)
at java.base/java.util.stream.FindOps$FindOp.evaluateSequential(FindOps.java:150)
at java.base/java.util.stream.AbstractPipeline.evaluate(AbstractPipeline.java:234)
at java.base/java.util.stream.ReferencePipeline.findFirst(ReferencePipeline.java:647)
at org.openqa.selenium.remote.ProtocolHandshake.createSession(ProtocolHandshake.java:125)
at org.openqa.selenium.remote.ProtocolHandshake.createSession(ProtocolHandshake.java:74)
at org.openqa.selenium.remote.HttpCommandExecutor.execute(HttpCommandExecutor.java:136)
at org.openqa.selenium.remote.service.DriverCommandExecutor.execute(DriverCommandExecutor.java:83)
at org.openqa.selenium.remote.RemoteWebDriver.execute(RemoteWebDriver.java:552)
at org.openqa.selenium.remote.RemoteWebDriver.startSession(RemoteWebDriver.java:213)
at org.openqa.selenium.remote.RemoteWebDriver.<init>(RemoteWebDriver.java:131)
at org.openqa.selenium.chrome.ChromeDriver.<init>(ChromeDriver.java:181)
at org.openqa.selenium.chrome.ChromeDriver.<init>(ChromeDriver.java:168)
at org.openqa.selenium.chrome.ChromeDriver.<init>(ChromeDriver.java:123)
at Appeal.TestCases.BaseClass.Setup(BaseClass.java:49)
at java.base/java.util.ArrayList.forEach(ArrayList.java:1511)
... Removed 30 stack frames]]>
    </failure>
  </testcase> <!-- @BeforeClass Setup -->
  <testcase classname="Appeal.TestCases.BaseClass" name="@AfterClass tearDown" time="-1.6354224094E9">
    <skipped/>
  </testcase> <!-- @AfterClass tearDown -->
  <testcase classname="Appeal.TestCases.TC_LoginTest_001" name="loginTest" time="0.0">
    <skipped/>
  </testcase> <!-- loginTest -->
</testsuite> <!-- Appeal.TestCases -->
